
> kifayatly-next@0.1.0 build
> next build

Γû▓ Next.js 16.2.0-canary.91 (Turbopack)
- Environments: .env.local
- Experiments (use with caution):
  Γ£ô turbopackFileSystemCacheForBuild

  Creating an optimized production build ...
Γ£ô Compiled successfully in 4.1s
  Running TypeScript ...
  Finished TypeScript in 156ms ...
  Collecting page data using 3 workers ...
[DATA] getProducts: Initiating DB connection...
Γ£à [MONGODB] Connected (Hosted/Atlas)
[DATA] getProducts: Fetching from Product model...
[DATA] getProducts: Successfully fetched 14 items
  Generating static pages using 3 workers (0/33) ...
[DATA] getProducts: Initiating DB connection...
[DATA] getProducts: Initiating DB connection...
[DATA] getProducts: Initiating DB connection...
[DATA] getProducts: Fetching from Product model...
[DATA] getProducts: Initiating DB connection...
[DATA] getProducts: Initiating DB connection...
[DATA] getProducts: Initiating DB connection...
[DATA] getProducts: Fetching from Product model...
[DATA] getProducts: Initiating DB connection...
[DATA] getProducts: Initiating DB connection...
[DATA] getProducts: Initiating DB connection...
[DATA] getProducts: Initiating DB connection...
[DATA] getProducts: Initiating DB connection...
[DATA] getProducts: Initiating DB connection...
[DATA] getProducts: Initiating DB connection...
[DATA] getProducts: Initiating DB connection...
[DATA] getProducts: Initiating DB connection...
[DATA] getProducts: Initiating DB connection...
[DATA] getProducts: Initiating DB connection...
[DATA] getProducts: Initiating DB connection...
[DATA] getProducts: Initiating DB connection...
[DATA] getProducts: Fetching from Product model...
[DATA] getProducts: Initiating DB connection...
[DATA] getProducts: Fetching from Product model...
[DATA] getProducts: Initiating DB connection...
[DATA] getProducts: Fetching from Product model...
[DATA] getProducts: Initiating DB connection...
[DATA] getProducts: Fetching from Product model...
[DATA] getProducts: Initiating DB connection...
[DATA] getProducts: Fetching from Product model...
[DATA] getProducts: Successfully fetched 14 items
[DATA] getProducts: Successfully fetched 14 items
[DATA] getProducts: Successfully fetched 14 items
[DATA] getProducts: Successfully fetched 14 items
[DATA] getProducts: Successfully fetched 14 items
Γ£à [MONGODB] Connected (Hosted/Atlas)
[DATA] getProducts: Fetching from Product model...
[DATA] getProducts: Fetching from Product model...
[DATA] getProducts: Fetching from Product model...
[DATA] getProducts: Fetching from Product model...
[DATA] getProducts: Fetching from Product model...
[DATA] getProducts: Fetching from Product model...
[DATA] getProducts: Fetching from Product model...
[DATA] getProducts: Fetching from Product model...
[DATA] getProducts: Fetching from Product model...
[DATA] getProducts: Fetching from Product model...
[DATA] getProducts: Fetching from Product model...
[DATA] getProducts: Fetching from Product model...
[DATA] getProducts: Fetching from Product model...
[DATA] getProducts: Fetching from Product model...
[DATA] getProducts: Fetching from Product model...
[DATA] getProducts: Fetching from Product model...
[DATA] getProducts: Successfully fetched 14 items
[DATA] getProducts: Successfully fetched 14 items
  Generating static pages using 3 workers (8/33) 
[DATA] getProducts: Initiating DB connection...
[DATA] getProducts: Fetching from Product model...
[DATA] getProducts: Initiating DB connection...
[DATA] getProducts: Fetching from Product model...
[DATA] getProducts: Successfully fetched 14 items
[DATA] getProducts: Successfully fetched 14 items
[DATA] getProducts: Successfully fetched 14 items
  Generating static pages using 3 workers (16/33) 
[DATA] getProducts: Successfully fetched 14 items
[DATA] getProducts: Successfully fetched 14 items
[DATA] getProducts: Successfully fetched 14 items
[DATA] getProducts: Successfully fetched 14 items
[DATA] getProducts: Successfully fetched 14 items
[DATA] getProducts: Successfully fetched 14 items
[DATA] getProducts: Successfully fetched 14 items
[DATA] getProducts: Successfully fetched 14 items
[DATA] getProducts: Successfully fetched 14 items
[DATA] getProducts: Successfully fetched 14 items
[DATA] getProducts: Successfully fetched 14 items
[DATA] getProducts: Successfully fetched 14 items
[DATA] getProducts: Successfully fetched 14 items
  Generating static pages using 3 workers (24/33) 
[DATA] getProducts: Successfully fetched 14 items
[DATA] getProducts: Successfully fetched 14 items
[DATA] getProducts: Initiating DB connection...
[DATA] getProducts: Fetching from Product model...
[DATA] getProducts: Initiating DB connection...
[DATA] getProducts: Fetching from Product model...
[DATA] getProducts: Initiating DB connection...
[DATA] getProducts: Fetching from Product model...
[DATA] getProducts: Initiating DB connection...
[DATA] getProducts: Fetching from Product model...
[DATA] getProducts: Initiating DB connection...
[DATA] getProducts: Fetching from Product model...
[DATA] getProducts: Initiating DB connection...
[DATA] getProducts: Fetching from Product model...
[DATA] getProducts: Initiating DB connection...
[DATA] getProducts: Initiating DB connection...
[DATA] getProducts: Fetching from Product model...
[DATA] getProducts: Fetching from Product model...
[DATA] getProducts: Initiating DB connection...
[DATA] getProducts: Fetching from Product model...
[DATA] getProducts: Initiating DB connection...
[DATA] getProducts: Fetching from Product model...
[DATA] getProducts: Initiating DB connection...
[DATA] getProducts: Fetching from Product model...
[DATA] getProducts: Initiating DB connection...
[DATA] getProducts: Fetching from Product model...
[DATA] getProducts: Initiating DB connection...
[DATA] getProducts: Fetching from Product model...
[DATA] getProducts: Initiating DB connection...
[DATA] getProducts: Fetching from Product model...
[DATA] getProducts: Initiating DB connection...
[DATA] getProducts: Fetching from Product model...
[DATA] getProducts: Initiating DB connection...
[DATA] getProducts: Fetching from Product model...
[DATA] getProducts: Successfully fetched 14 items
[DATA] getProducts: Successfully fetched 14 items
[DATA] getProducts: Successfully fetched 14 items
[DATA] getProducts: Successfully fetched 14 items
[DATA] getProducts: Successfully fetched 14 items
[DATA] getProducts: Successfully fetched 14 items
[DATA] getProducts: Successfully fetched 14 items
[DATA] getProducts: Successfully fetched 14 items
[DATA] getProducts: Successfully fetched 14 items
[DATA] getProducts: Successfully fetched 14 items
[DATA] getProducts: Successfully fetched 14 items
[DATA] getProducts: Successfully fetched 14 items
[DATA] getProducts: Successfully fetched 14 items
[DATA] getProducts: Successfully fetched 14 items
[DATA] getProducts: Successfully fetched 14 items
[DATA] getProducts: Successfully fetched 14 items
Γ£ô Generating static pages using 3 workers (33/33) in 6.8s
  Finalizing page optimization ...

Route (app)
Γöî Γùï /
Γö£ Γùï /_not-found
Γö£ Γùï /admin
Γö£ Γùï /admin/login
Γö£ Γùï /admin/orders
Γö£ Γùï /admin/products
Γö£ Γùï /admin/products/add
Γö£ ╞Æ /admin/products/edit/[id]
Γö£ Γùï /admin/settings
Γö£ ╞Æ /api/admin/dashboard
Γö£ ╞Æ /api/auth/[...nextauth]
Γö£ ╞Æ /api/categories
Γö£ ╞Æ /api/cloudinary-sign
Γö£ ╞Æ /api/orders
Γö£ ╞Æ /api/products
Γö£ ╞Æ /api/products/[id]
Γö£ ╞Æ /api/settings
Γö£ Γùï /auth/signin
Γö£ Γùï /checkout
Γö£ Γùï /products
Γöö ΓùÅ /products/[id]
  Γö£ /products/adertos-5-pcs-bathroom-accessories-set
  Γö£ /products/elegant-wall-mounted-abs-soap-dish-with-lid-and-tray-for-bathroom
  Γö£ /products/360-adjustable-fan-spray-water-filter
  Γöö [+11 more paths]


╞Æ Proxy (Middleware)

Γùï  (Static)   prerendered as static content
ΓùÅ  (SSG)      prerendered as static HTML (uses generateStaticParams)
╞Æ  (Dynamic)  server-rendered on demand

